<?xml version="1.0" encoding="UTF-8"?>
<!-- Generated by org.testng.reporters.JUnitReportReporter -->
<testsuite hostname="DESKTOP-1EIMO2O" failures="0" tests="2" name="testNGXmlStudy.MyClass" time="0.010" errors="0" timestamp="2022-10-08T13:17:17 IST" skipped="0">
  <testcase classname="testNGXmlStudy.MyClass" name="TC1" time="0.009"/>
  <system-out>
    <![CDATA[Running TC1]]>
  </system-out>
  <testcase classname="testNGXmlStudy.MyClass" name="TC4" time="0.001"/>
  <system-out>
    <![CDATA[Running TC4]]>
  </system-out>
</testsuite> <!-- testNGXmlStudy.MyClass -->
