<?xml version="1.0" encoding="UTF-8"?>
<!-- Generated by org.testng.reporters.JUnitReportReporter -->
<testsuite hostname="DESKTOP-1EIMO2O" failures="0" tests="3" name="testNG.MyClass" time="0.012" errors="0" timestamp="2023-08-07T14:02:28 IST" skipped="0">
  <testcase classname="testNG.MyClass" name="myTest2" time="0.001"/>
  <system-out/>
  <testcase classname="testNG.MyClass" name="myTest1" time="0.010"/>
  <system-out/>
  <testcase classname="testNG.MyClass" name="myTest3" time="0.001"/>
  <system-out/>
</testsuite> <!-- testNG.MyClass -->
