<?xml version="1.0" encoding="UTF-8"?>
<!-- Generated by org.testng.reporters.JUnitReportReporter -->
<testsuite hostname="DESKTOP-1EIMO2O" failures="0" tests="2" name="testNG_Grouping.TestGroup1" time="0.010" errors="0" timestamp="2022-10-08T13:52:03 IST" skipped="0">
  <testcase classname="testNG_Grouping.TestGroup1" name="TC2" time="0.008"/>
  <system-out>
    <![CDATA[Running TC2]]>
  </system-out>
  <testcase classname="testNG_Grouping.TestGroup1" name="TC4" time="0.002"/>
  <system-out>
    <![CDATA[Running TC4]]>
  </system-out>
</testsuite> <!-- testNG_Grouping.TestGroup1 -->
