<?xml version="1.0" encoding="UTF-8"?>
<!-- Generated by org.testng.reporters.JUnitReportReporter -->
<testsuite hostname="DESKTOP-1EIMO2O" failures="0" tests="1" name="testNGAsserts.AssertNotEqualStudy" time="0.007" errors="0" timestamp="2023-08-08T19:07:43 IST" skipped="0">
  <testcase classname="testNGAsserts.AssertNotEqualStudy" name="f" time="0.007"/>
  <system-out/>
</testsuite> <!-- testNGAsserts.AssertNotEqualStudy -->
