<?xml version="1.0" encoding="UTF-8"?>
<!-- Generated by org.testng.reporters.JUnitReportReporter -->
<testsuite hostname="DESKTOP-1EIMO2O" failures="0" tests="1" name="flipkartTestUsingTestNG.FlipkartTestwithTestNG" time="10.609" errors="0" timestamp="2022-10-15T08:20:25 IST" skipped="0">
  <testcase classname="flipkartTestUsingTestNG.FlipkartTestwithTestNG" name="validating" time="10.609"/>
  <system-out>
    <![CDATA[validating data
data validated]]>
  </system-out>
</testsuite> <!-- flipkartTestUsingTestNG.FlipkartTestwithTestNG -->
