<?xml version="1.0" encoding="UTF-8"?>
<!-- Generated by org.testng.reporters.JUnitReportReporter -->
<testsuite hostname="DESKTOP-1EIMO2O" failures="0" tests="1" name="testNGAsserts.AsserTrueStudy" time="0.013" errors="0" timestamp="2022-10-11T17:15:18 IST" skipped="0">
  <testcase classname="testNGAsserts.AsserTrueStudy" name="f" time="0.013"/>
  <system-out/>
</testsuite> <!-- testNGAsserts.AsserTrueStudy -->
