<?xml version="1.0" encoding="UTF-8"?>
<!-- Generated by org.testng.reporters.JUnitReportReporter -->
<testsuite hostname="DESKTOP-1EIMO2O" failures="0" tests="2" name="crossBrowserTesting.CT1" time="17.261" errors="0" timestamp="2022-10-12T08:52:43 IST" skipped="0">
  <testcase classname="crossBrowserTesting.CT1" name="crossBrowser" time="10.402"/>
  <system-out/>
  <testcase classname="crossBrowserTesting.CT1" name="crossBrowser" time="6.859"/>
  <system-out/>
</testsuite> <!-- crossBrowserTesting.CT1 -->
