<?xml version="1.0" encoding="UTF-8"?>
<!-- Generated by org.testng.reporters.JUnitReportReporter -->
<testsuite hostname="DESKTOP-1EIMO2O" failures="0" tests="3" name="testNG_Grouping.TestGroup2" time="0.003" errors="0" timestamp="2022-10-08T13:52:03 IST" skipped="0">
  <testcase classname="testNG_Grouping.TestGroup2" name="TC8" time="0.001"/>
  <system-out>
    <![CDATA[Running TC8]]>
  </system-out>
  <testcase classname="testNG_Grouping.TestGroup2" name="TC10" time="0.001"/>
  <system-out>
    <![CDATA[Running TC10]]>
  </system-out>
  <testcase classname="testNG_Grouping.TestGroup2" name="TC6" time="0.001"/>
  <system-out>
    <![CDATA[Running TC6]]>
  </system-out>
</testsuite> <!-- testNG_Grouping.TestGroup2 -->
