<?xml version="1.0" encoding="UTF-8"?>
<!-- Generated by org.testng.reporters.JUnitReportReporter -->
<testsuite hostname="DESKTOP-1EIMO2O" failures="0" tests="3" name="testNGXmlStudy.MyClass2" time="0.003" errors="0" timestamp="2022-10-08T13:17:17 IST" skipped="0">
  <testcase classname="testNGXmlStudy.MyClass2" name="TC10" time="0.001"/>
  <system-out>
    <![CDATA[Running TC10]]>
  </system-out>
  <testcase classname="testNGXmlStudy.MyClass2" name="TC9" time="0.001"/>
  <system-out>
    <![CDATA[Running TC9]]>
  </system-out>
  <testcase classname="testNGXmlStudy.MyClass2" name="TC7" time="0.001"/>
  <system-out>
    <![CDATA[Running TC7]]>
  </system-out>
</testsuite> <!-- testNGXmlStudy.MyClass2 -->
