<?xml version="1.0" encoding="UTF-8"?>
<!-- Generated by org.testng.reporters.JUnitReportReporter -->
<testsuite hostname="DESKTOP-1EIMO2O" failures="0" tests="1" name="testNG.FireFoxTest" time="9.630" errors="0" timestamp="2022-10-11T09:13:36 IST" skipped="0">
  <testcase classname="testNG.FireFoxTest" name="f" time="9.630"/>
  <system-out/>
</testsuite> <!-- testNG.FireFoxTest -->
