<?xml version="1.0" encoding="UTF-8"?>
<!-- Generated by org.testng.reporters.JUnitReportReporter -->
<testsuite hostname="DESKTOP-1EIMO2O" failures="0" tests="1" name="testNGAnnotation.Annotation_study1" time="0.004" errors="0" timestamp="2022-10-08T07:38:05 IST" skipped="0">
  <testcase classname="testNGAnnotation.Annotation_study1" name="validateUserID" time="0.004"/>
  <system-out>
    <![CDATA[validating userID]]>
  </system-out>
</testsuite> <!-- testNGAnnotation.Annotation_study1 -->
