<?xml version="1.0" encoding="UTF-8"?>
<!-- Generated by org.testng.reporters.JUnitReportReporter -->
<testsuite hostname="DESKTOP-1EIMO2O" failures="0" tests="3" name="testNGKkeyword.Priority" time="0.009" errors="0" timestamp="2023-08-08T10:39:26 IST" skipped="0">
  <testcase classname="testNGKkeyword.Priority" name="B" time="0.006"/>
  <system-out>
    <![CDATA[running Test case B]]>
  </system-out>
  <testcase classname="testNGKkeyword.Priority" name="A" time="0.001"/>
  <system-out>
    <![CDATA[running Test case A]]>
  </system-out>
  <testcase classname="testNGKkeyword.Priority" name="C" time="0.002"/>
  <system-out>
    <![CDATA[running Test case C]]>
  </system-out>
</testsuite> <!-- testNGKkeyword.Priority -->
