<?xml version="1.0" encoding="UTF-8"?>
<!-- Generated by org.testng.reporters.JUnitReportReporter -->
<testsuite hostname="DESKTOP-1EIMO2O" failures="0" tests="3" name="testNGAnnotation.Annotation_study2" time="0.007" errors="0" timestamp="2022-10-08T07:50:10 IST" skipped="0">
  <testcase classname="testNGAnnotation.Annotation_study2" name="c" time="0.001"/>
  <system-out>
    <![CDATA[Running test case C]]>
  </system-out>
  <testcase classname="testNGAnnotation.Annotation_study2" name="b" time="0.002"/>
  <system-out>
    <![CDATA[Running test case B]]>
  </system-out>
  <testcase classname="testNGAnnotation.Annotation_study2" name="a" time="0.004"/>
  <system-out>
    <![CDATA[Running test case A]]>
  </system-out>
</testsuite> <!-- testNGAnnotation.Annotation_study2 -->
