<?xml version="1.0" encoding="UTF-8"?>
<!-- Generated by org.testng.reporters.JUnitReportReporter -->
<testsuite hostname="DESKTOP-1EIMO2O" failures="0" tests="2" name="flipkartTestUsingTestNG.CT" time="22.293" errors="0" timestamp="2022-10-13T13:41:58 IST" skipped="0">
  <testcase classname="flipkartTestUsingTestNG.CT" name="validating" time="10.876"/>
  <system-out>
    <![CDATA[validating data
data validated]]>
  </system-out>
  <testcase classname="flipkartTestUsingTestNG.CT" name="validating" time="11.417"/>
  <system-out>
    <![CDATA[validating data
data validated]]>
  </system-out>
</testsuite> <!-- flipkartTestUsingTestNG.CT -->
