<?xml version="1.0" encoding="UTF-8"?>
<!-- Generated by org.testng.reporters.JUnitReportReporter -->
<testsuite hostname="DESKTOP-1EIMO2O" failures="0" tests="6" name="testNGKkeyword.InvocationCount" time="0.014" errors="0" timestamp="2022-10-08T09:10:52 IST" skipped="0">
  <testcase classname="testNGKkeyword.InvocationCount" name="b" time="0.002"/>
  <system-out>
    <![CDATA[running method B]]>
  </system-out>
  <testcase classname="testNGKkeyword.InvocationCount" name="a" time="0.001"/>
  <system-out>
    <![CDATA[running method A]]>
  </system-out>
  <testcase classname="testNGKkeyword.InvocationCount" name="a" time="0.001"/>
  <system-out>
    <![CDATA[running method A]]>
  </system-out>
  <testcase classname="testNGKkeyword.InvocationCount" name="a" time="0.004"/>
  <system-out>
    <![CDATA[running method A]]>
  </system-out>
  <testcase classname="testNGKkeyword.InvocationCount" name="a" time="0.001"/>
  <system-out>
    <![CDATA[running method A]]>
  </system-out>
  <testcase classname="testNGKkeyword.InvocationCount" name="a" time="0.005"/>
  <system-out>
    <![CDATA[running method A]]>
  </system-out>
</testsuite> <!-- testNGKkeyword.InvocationCount -->
