<?xml version="1.0" encoding="UTF-8"?>
<!-- Generated by org.testng.reporters.JUnitReportReporter -->
<testsuite hostname="DESKTOP-1EIMO2O" failures="0" tests="2" name="testNG.MyTest2" time="0.007" errors="0" timestamp="2023-08-07T14:29:29 IST" skipped="0">
  <testcase classname="testNG.MyTest2" name="method2" time="0.001"/>
  <system-out>
    <![CDATA[hi welcome to test NG2]]>
  </system-out>
  <testcase classname="testNG.MyTest2" name="method1" time="0.006"/>
  <system-out/>
</testsuite> <!-- testNG.MyTest2 -->
