<?xml version="1.0" encoding="UTF-8"?>
<!-- Generated by org.testng.reporters.JUnitReportReporter -->
<testsuite hostname="DESKTOP-1EIMO2O" failures="0" tests="2" name="testNGKkeyword.Enabled" time="0.007" errors="0" timestamp="2022-10-08T09:35:19 IST" skipped="1">
  <testcase classname="testNGKkeyword.Enabled" name="TC1" time="0.007"/>
  <system-out>
    <![CDATA[running Test case 1 ]]>
  </system-out>
  <testcase classname="testNGKkeyword.Enabled" name="TC2">
    <skipped/>
  </testcase> <!-- TC2 -->
  <system-out/>
</testsuite> <!-- testNGKkeyword.Enabled -->
